{"C:\\Users\\aldyr\\Documents\\01.Hacktiv8-FSJS0\\FASE3\\Final Project\\LiveCharity\\LiveCharity-BE\\app.js": {"path":"C:\\Users\\aldyr\\Documents\\01.Hacktiv8-FSJS0\\FASE3\\Final Project\\LiveCharity\\LiveCharity-BE\\app.js","statementMap":{"0":{"start":{"line":1,"column":0},"end":{"line":3,"column":1}},"1":{"start":{"line":2,"column":2},"end":{"line":2,"column":29}},"2":{"start":{"line":5,"column":16},"end":{"line":5,"column":34}},"3":{"start":{"line":6,"column":15},"end":{"line":6,"column":34}},"4":{"start":{"line":7,"column":13},"end":{"line":7,"column":28}},"5":{"start":{"line":8,"column":13},"end":{"line":8,"column":28}},"6":{"start":{"line":9,"column":19},"end":{"line":9,"column":39}},"7":{"start":{"line":10,"column":22},"end":{"line":10,"column":41}},"8":{"start":{"line":11,"column":15},"end":{"line":11,"column":32}},"9":{"start":{"line":12,"column":13},"end":{"line":12,"column":28}},"10":{"start":{"line":14,"column":16},"end":{"line":21,"column":2}},"11":{"start":{"line":16,"column":4},"end":{"line":16,"column":31}},"12":{"start":{"line":19,"column":4},"end":{"line":19,"column":61}},"13":{"start":{"line":35,"column":12},"end":{"line":35,"column":21}},"14":{"start":{"line":36,"column":0},"end":{"line":36,"column":16}},"15":{"start":{"line":37,"column":0},"end":{"line":37,"column":48}},"16":{"start":{"line":38,"column":0},"end":{"line":38,"column":24}},"17":{"start":{"line":39,"column":0},"end":{"line":39,"column":43}},"18":{"start":{"line":40,"column":0},"end":{"line":40,"column":83}},"19":{"start":{"line":41,"column":0},"end":{"line":41,"column":16}},"20":{"start":{"line":43,"column":19},"end":{"line":43,"column":41}},"21":{"start":{"line":44,"column":11},"end":{"line":49,"column":2}},"22":{"start":{"line":51,"column":0},"end":{"line":54,"column":2}},"23":{"start":{"line":52,"column":2},"end":{"line":52,"column":56}},"24":{"start":{"line":53,"column":2},"end":{"line":53,"column":28}},"25":{"start":{"line":56,"column":0},"end":{"line":56,"column":36}}},"fnMap":{"0":{"name":"(anonymous_0)","decl":{"start":{"line":15,"column":15},"end":{"line":15,"column":16}},"loc":{"start":{"line":15,"column":34},"end":{"line":17,"column":3}},"line":15},"1":{"name":"(anonymous_1)","decl":{"start":{"line":18,"column":12},"end":{"line":18,"column":13}},"loc":{"start":{"line":18,"column":31},"end":{"line":20,"column":3}},"line":18},"2":{"name":"(anonymous_2)","decl":{"start":{"line":51,"column":20},"end":{"line":51,"column":21}},"loc":{"start":{"line":51,"column":32},"end":{"line":54,"column":1}},"line":51}},"branchMap":{"0":{"loc":{"start":{"line":1,"column":0},"end":{"line":3,"column":1}},"type":"if","locations":[{"start":{"line":1,"column":0},"end":{"line":3,"column":1}},{"start":{},"end":{}}],"line":1}},"s":{"0":4,"1":4,"2":4,"3":4,"4":4,"5":4,"6":4,"7":4,"8":4,"9":4,"10":4,"11":0,"12":0,"13":4,"14":4,"15":4,"16":4,"17":4,"18":4,"19":4,"20":4,"21":4,"22":4,"23":3,"24":3,"25":4},"f":{"0":0,"1":0,"2":3},"b":{"0":[4,0]},"_coverageSchema":"1a1c01bbd47fc00a2c39e90264f33305004495a9","hash":"e9b4d7776ea2b8ef9f6f5dfb4225d9d7c970e80e"}
,"C:\\Users\\aldyr\\Documents\\01.Hacktiv8-FSJS0\\FASE3\\Final Project\\LiveCharity\\LiveCharity-BE\\controllers\\campaignControllers\\campaignController.js": {"path":"C:\\Users\\aldyr\\Documents\\01.Hacktiv8-FSJS0\\FASE3\\Final Project\\LiveCharity\\LiveCharity-BE\\controllers\\campaignControllers\\campaignController.js","statementMap":{"0":{"start":{"line":1,"column":49},"end":{"line":1,"column":72}},"1":{"start":{"line":2,"column":23},"end":{"line":2,"column":38}},"2":{"start":{"line":6,"column":4},"end":{"line":13,"column":5}},"3":{"start":{"line":7,"column":19},"end":{"line":9,"column":8}},"4":{"start":{"line":10,"column":6},"end":{"line":10,"column":33}},"5":{"start":{"line":12,"column":6},"end":{"line":12,"column":16}},"6":{"start":{"line":17,"column":4},"end":{"line":30,"column":5}},"7":{"start":{"line":18,"column":31},"end":{"line":18,"column":40}},"8":{"start":{"line":19,"column":18},"end":{"line":19,"column":42}},"9":{"start":{"line":20,"column":20},"end":{"line":20,"column":57}},"10":{"start":{"line":22,"column":6},"end":{"line":24,"column":7}},"11":{"start":{"line":23,"column":8},"end":{"line":23,"column":58}},"12":{"start":{"line":26,"column":25},"end":{"line":26,"column":66}},"13":{"start":{"line":27,"column":6},"end":{"line":27,"column":39}},"14":{"start":{"line":29,"column":6},"end":{"line":29,"column":16}},"15":{"start":{"line":34,"column":4},"end":{"line":57,"column":5}},"16":{"start":{"line":35,"column":31},"end":{"line":35,"column":41}},"17":{"start":{"line":36,"column":25},"end":{"line":50,"column":8}},"18":{"start":{"line":52,"column":6},"end":{"line":52,"column":77}},"19":{"start":{"line":52,"column":23},"end":{"line":52,"column":77}},"20":{"start":{"line":54,"column":6},"end":{"line":54,"column":39}},"21":{"start":{"line":56,"column":6},"end":{"line":56,"column":16}},"22":{"start":{"line":61,"column":4},"end":{"line":83,"column":5}},"23":{"start":{"line":62,"column":74},"end":{"line":62,"column":82}},"24":{"start":{"line":64,"column":20},"end":{"line":64,"column":35}},"25":{"start":{"line":69,"column":19},"end":{"line":78,"column":8}},"26":{"start":{"line":79,"column":6},"end":{"line":79,"column":33}},"27":{"start":{"line":82,"column":6},"end":{"line":82,"column":16}},"28":{"start":{"line":87,"column":0},"end":{"line":87,"column":36}}},"fnMap":{"0":{"name":"(anonymous_0)","decl":{"start":{"line":5,"column":2},"end":{"line":5,"column":3}},"loc":{"start":{"line":5,"column":46},"end":{"line":14,"column":3}},"line":5},"1":{"name":"(anonymous_1)","decl":{"start":{"line":16,"column":2},"end":{"line":16,"column":3}},"loc":{"start":{"line":16,"column":56},"end":{"line":31,"column":3}},"line":16},"2":{"name":"(anonymous_2)","decl":{"start":{"line":33,"column":2},"end":{"line":33,"column":3}},"loc":{"start":{"line":33,"column":52},"end":{"line":58,"column":3}},"line":33},"3":{"name":"(anonymous_3)","decl":{"start":{"line":60,"column":2},"end":{"line":60,"column":3}},"loc":{"start":{"line":60,"column":49},"end":{"line":84,"column":3}},"line":60}},"branchMap":{"0":{"loc":{"start":{"line":19,"column":18},"end":{"line":19,"column":42}},"type":"cond-expr","locations":[{"start":{"line":19,"column":33},"end":{"line":19,"column":38}},{"start":{"line":19,"column":41},"end":{"line":19,"column":42}}],"line":19},"1":{"loc":{"start":{"line":22,"column":6},"end":{"line":24,"column":7}},"type":"if","locations":[{"start":{"line":22,"column":6},"end":{"line":24,"column":7}},{"start":{},"end":{}}],"line":22},"2":{"loc":{"start":{"line":52,"column":6},"end":{"line":52,"column":77}},"type":"if","locations":[{"start":{"line":52,"column":6},"end":{"line":52,"column":77}},{"start":{},"end":{}}],"line":52}},"s":{"0":4,"1":4,"2":1,"3":1,"4":0,"5":1,"6":0,"7":0,"8":0,"9":0,"10":0,"11":0,"12":0,"13":0,"14":0,"15":2,"16":2,"17":2,"18":0,"19":0,"20":0,"21":2,"22":0,"23":0,"24":0,"25":0,"26":0,"27":0,"28":4},"f":{"0":1,"1":0,"2":2,"3":0},"b":{"0":[0,0],"1":[0,0],"2":[0,0]},"_coverageSchema":"1a1c01bbd47fc00a2c39e90264f33305004495a9","hash":"d949f93893fd6f90ed51b0a29617c0a747750b22"}
,"C:\\Users\\aldyr\\Documents\\01.Hacktiv8-FSJS0\\FASE3\\Final Project\\LiveCharity\\LiveCharity-BE\\controllers\\livestreamControllers\\livestreamController.js": {"path":"C:\\Users\\aldyr\\Documents\\01.Hacktiv8-FSJS0\\FASE3\\Final Project\\LiveCharity\\LiveCharity-BE\\controllers\\livestreamControllers\\livestreamController.js","statementMap":{"0":{"start":{"line":1,"column":41},"end":{"line":1,"column":64}},"1":{"start":{"line":5,"column":4},"end":{"line":17,"column":5}},"2":{"start":{"line":6,"column":31},"end":{"line":6,"column":41}},"3":{"start":{"line":8,"column":25},"end":{"line":8,"column":64}},"4":{"start":{"line":10,"column":6},"end":{"line":10,"column":79}},"5":{"start":{"line":10,"column":23},"end":{"line":10,"column":79}},"6":{"start":{"line":12,"column":6},"end":{"line":12,"column":103}},"7":{"start":{"line":14,"column":6},"end":{"line":14,"column":68}},"8":{"start":{"line":16,"column":6},"end":{"line":16,"column":16}},"9":{"start":{"line":21,"column":4},"end":{"line":41,"column":5}},"10":{"start":{"line":22,"column":62},"end":{"line":22,"column":70}},"11":{"start":{"line":23,"column":29},"end":{"line":23,"column":37}},"12":{"start":{"line":24,"column":27},"end":{"line":24,"column":70}},"13":{"start":{"line":25,"column":6},"end":{"line":37,"column":7}},"14":{"start":{"line":26,"column":8},"end":{"line":26,"column":75}},"15":{"start":{"line":29,"column":8},"end":{"line":29,"column":94}},"16":{"start":{"line":31,"column":8},"end":{"line":31,"column":73}},"17":{"start":{"line":32,"column":8},"end":{"line":32,"column":93}},"18":{"start":{"line":34,"column":8},"end":{"line":34,"column":60}},"19":{"start":{"line":36,"column":8},"end":{"line":36,"column":54}},"20":{"start":{"line":40,"column":6},"end":{"line":40,"column":16}},"21":{"start":{"line":45,"column":0},"end":{"line":45,"column":38}}},"fnMap":{"0":{"name":"(anonymous_0)","decl":{"start":{"line":4,"column":2},"end":{"line":4,"column":3}},"loc":{"start":{"line":4,"column":60},"end":{"line":18,"column":3}},"line":4},"1":{"name":"(anonymous_1)","decl":{"start":{"line":20,"column":2},"end":{"line":20,"column":3}},"loc":{"start":{"line":20,"column":54},"end":{"line":42,"column":3}},"line":20}},"branchMap":{"0":{"loc":{"start":{"line":10,"column":6},"end":{"line":10,"column":79}},"type":"if","locations":[{"start":{"line":10,"column":6},"end":{"line":10,"column":79}},{"start":{},"end":{}}],"line":10},"1":{"loc":{"start":{"line":25,"column":6},"end":{"line":37,"column":7}},"type":"if","locations":[{"start":{"line":25,"column":6},"end":{"line":37,"column":7}},{"start":{"line":35,"column":13},"end":{"line":37,"column":7}}],"line":25}},"s":{"0":4,"1":3,"2":3,"3":3,"4":0,"5":0,"6":0,"7":0,"8":3,"9":0,"10":0,"11":0,"12":0,"13":0,"14":0,"15":0,"16":0,"17":0,"18":0,"19":0,"20":0,"21":4},"f":{"0":3,"1":0},"b":{"0":[0,0],"1":[0,0]},"_coverageSchema":"1a1c01bbd47fc00a2c39e90264f33305004495a9","hash":"188d484ab16cc216add5aab7bcfce6def5cf1878"}
,"C:\\Users\\aldyr\\Documents\\01.Hacktiv8-FSJS0\\FASE3\\Final Project\\LiveCharity\\LiveCharity-BE\\controllers\\paymentControllers\\paymentController.js": {"path":"C:\\Users\\aldyr\\Documents\\01.Hacktiv8-FSJS0\\FASE3\\Final Project\\LiveCharity\\LiveCharity-BE\\controllers\\paymentControllers\\paymentController.js","statementMap":{"0":{"start":{"line":1,"column":21},"end":{"line":1,"column":70}},"1":{"start":{"line":2,"column":35},"end":{"line":2,"column":58}},"2":{"start":{"line":6,"column":4},"end":{"line":13,"column":5}},"3":{"start":{"line":7,"column":20},"end":{"line":7,"column":72}},"4":{"start":{"line":8,"column":6},"end":{"line":8,"column":28}},"5":{"start":{"line":10,"column":6},"end":{"line":10,"column":54}},"6":{"start":{"line":12,"column":6},"end":{"line":12,"column":16}},"7":{"start":{"line":17,"column":4},"end":{"line":31,"column":5}},"8":{"start":{"line":18,"column":61},"end":{"line":18,"column":69}},"9":{"start":{"line":19,"column":6},"end":{"line":27,"column":7}},"10":{"start":{"line":20,"column":24},"end":{"line":20,"column":86}},"11":{"start":{"line":22,"column":8},"end":{"line":22,"column":119}},"12":{"start":{"line":24,"column":8},"end":{"line":24,"column":98}},"13":{"start":{"line":26,"column":8},"end":{"line":26,"column":74}},"14":{"start":{"line":28,"column":6},"end":{"line":28,"column":72}},"15":{"start":{"line":30,"column":6},"end":{"line":30,"column":16}},"16":{"start":{"line":35,"column":0},"end":{"line":35,"column":35}}},"fnMap":{"0":{"name":"(anonymous_0)","decl":{"start":{"line":5,"column":2},"end":{"line":5,"column":3}},"loc":{"start":{"line":5,"column":51},"end":{"line":14,"column":3}},"line":5},"1":{"name":"(anonymous_1)","decl":{"start":{"line":16,"column":2},"end":{"line":16,"column":3}},"loc":{"start":{"line":16,"column":51},"end":{"line":32,"column":3}},"line":16}},"branchMap":{"0":{"loc":{"start":{"line":19,"column":6},"end":{"line":27,"column":7}},"type":"if","locations":[{"start":{"line":19,"column":6},"end":{"line":27,"column":7}},{"start":{},"end":{}}],"line":19}},"s":{"0":4,"1":4,"2":0,"3":0,"4":0,"5":0,"6":0,"7":1,"8":1,"9":1,"10":0,"11":0,"12":0,"13":0,"14":1,"15":0,"16":4},"f":{"0":0,"1":1},"b":{"0":[0,1]},"_coverageSchema":"1a1c01bbd47fc00a2c39e90264f33305004495a9","hash":"0a7cb52dcdf77a5d768f57efbe6bfd82aed1499a"}
,"C:\\Users\\aldyr\\Documents\\01.Hacktiv8-FSJS0\\FASE3\\Final Project\\LiveCharity\\LiveCharity-BE\\controllers\\usersControllers\\userController.js": {"path":"C:\\Users\\aldyr\\Documents\\01.Hacktiv8-FSJS0\\FASE3\\Final Project\\LiveCharity\\LiveCharity-BE\\controllers\\usersControllers\\userController.js","statementMap":{"0":{"start":{"line":1,"column":25},"end":{"line":1,"column":48}},"1":{"start":{"line":2,"column":22},"end":{"line":2,"column":50}},"2":{"start":{"line":3,"column":28},"end":{"line":3,"column":61}},"3":{"start":{"line":7,"column":4},"end":{"line":23,"column":5}},"4":{"start":{"line":8,"column":34},"end":{"line":8,"column":42}},"5":{"start":{"line":10,"column":6},"end":{"line":10,"column":68}},"6":{"start":{"line":10,"column":18},"end":{"line":10,"column":68}},"7":{"start":{"line":12,"column":6},"end":{"line":12,"column":74}},"8":{"start":{"line":12,"column":21},"end":{"line":12,"column":74}},"9":{"start":{"line":14,"column":19},"end":{"line":14,"column":59}},"10":{"start":{"line":15,"column":6},"end":{"line":17,"column":7}},"11":{"start":{"line":16,"column":8},"end":{"line":16,"column":63}},"12":{"start":{"line":19,"column":27},"end":{"line":19,"column":53}},"13":{"start":{"line":20,"column":6},"end":{"line":20,"column":83}},"14":{"start":{"line":22,"column":6},"end":{"line":22,"column":16}},"15":{"start":{"line":27,"column":4},"end":{"line":33,"column":5}},"16":{"start":{"line":28,"column":19},"end":{"line":28,"column":46}},"17":{"start":{"line":29,"column":6},"end":{"line":29,"column":47}},"18":{"start":{"line":30,"column":6},"end":{"line":30,"column":66}},"19":{"start":{"line":32,"column":6},"end":{"line":32,"column":16}},"20":{"start":{"line":37,"column":4},"end":{"line":42,"column":5}},"21":{"start":{"line":38,"column":22},"end":{"line":38,"column":103}},"22":{"start":{"line":39,"column":6},"end":{"line":39,"column":49}},"23":{"start":{"line":41,"column":6},"end":{"line":41,"column":16}},"24":{"start":{"line":46,"column":0},"end":{"line":46,"column":32}}},"fnMap":{"0":{"name":"(anonymous_0)","decl":{"start":{"line":6,"column":2},"end":{"line":6,"column":3}},"loc":{"start":{"line":6,"column":43},"end":{"line":24,"column":3}},"line":6},"1":{"name":"(anonymous_1)","decl":{"start":{"line":26,"column":2},"end":{"line":26,"column":3}},"loc":{"start":{"line":26,"column":46},"end":{"line":34,"column":3}},"line":26},"2":{"name":"(anonymous_2)","decl":{"start":{"line":36,"column":2},"end":{"line":36,"column":3}},"loc":{"start":{"line":36,"column":45},"end":{"line":43,"column":3}},"line":36}},"branchMap":{"0":{"loc":{"start":{"line":10,"column":6},"end":{"line":10,"column":68}},"type":"if","locations":[{"start":{"line":10,"column":6},"end":{"line":10,"column":68}},{"start":{},"end":{}}],"line":10},"1":{"loc":{"start":{"line":12,"column":6},"end":{"line":12,"column":74}},"type":"if","locations":[{"start":{"line":12,"column":6},"end":{"line":12,"column":74}},{"start":{},"end":{}}],"line":12},"2":{"loc":{"start":{"line":15,"column":6},"end":{"line":17,"column":7}},"type":"if","locations":[{"start":{"line":15,"column":6},"end":{"line":17,"column":7}},{"start":{},"end":{}}],"line":15},"3":{"loc":{"start":{"line":15,"column":10},"end":{"line":15,"column":60}},"type":"binary-expr","locations":[{"start":{"line":15,"column":10},"end":{"line":15,"column":15}},{"start":{"line":15,"column":19},"end":{"line":15,"column":60}}],"line":15}},"s":{"0":4,"1":4,"2":4,"3":3,"4":3,"5":3,"6":1,"7":2,"8":1,"9":1,"10":0,"11":0,"12":0,"13":0,"14":3,"15":4,"16":4,"17":0,"18":0,"19":4,"20":0,"21":0,"22":0,"23":0,"24":4},"f":{"0":3,"1":4,"2":0},"b":{"0":[1,2],"1":[1,1],"2":[0,0],"3":[0,0]},"_coverageSchema":"1a1c01bbd47fc00a2c39e90264f33305004495a9","hash":"da4b433a96194e545c3392b7084267cd2b8bf2ee"}
,"C:\\Users\\aldyr\\Documents\\01.Hacktiv8-FSJS0\\FASE3\\Final Project\\LiveCharity\\LiveCharity-BE\\helpers\\bcryptjs.js": {"path":"C:\\Users\\aldyr\\Documents\\01.Hacktiv8-FSJS0\\FASE3\\Final Project\\LiveCharity\\LiveCharity-BE\\helpers\\bcryptjs.js","statementMap":{"0":{"start":{"line":1,"column":17},"end":{"line":1,"column":36}},"1":{"start":{"line":3,"column":21},"end":{"line":5,"column":1}},"2":{"start":{"line":4,"column":2},"end":{"line":4,"column":63}},"3":{"start":{"line":7,"column":24},"end":{"line":9,"column":1}},"4":{"start":{"line":8,"column":2},"end":{"line":8,"column":54}},"5":{"start":{"line":11,"column":0},"end":{"line":14,"column":2}}},"fnMap":{"0":{"name":"(anonymous_0)","decl":{"start":{"line":3,"column":21},"end":{"line":3,"column":22}},"loc":{"start":{"line":3,"column":35},"end":{"line":5,"column":1}},"line":3},"1":{"name":"(anonymous_1)","decl":{"start":{"line":7,"column":24},"end":{"line":7,"column":25}},"loc":{"start":{"line":7,"column":52},"end":{"line":9,"column":1}},"line":7}},"branchMap":{},"s":{"0":4,"1":4,"2":4,"3":4,"4":0,"5":4},"f":{"0":4,"1":0},"b":{},"_coverageSchema":"1a1c01bbd47fc00a2c39e90264f33305004495a9","hash":"c407f1ddab77edd0a23fc2acb0318250cb7dfe6c"}
,"C:\\Users\\aldyr\\Documents\\01.Hacktiv8-FSJS0\\FASE3\\Final Project\\LiveCharity\\LiveCharity-BE\\helpers\\jwt.js": {"path":"C:\\Users\\aldyr\\Documents\\01.Hacktiv8-FSJS0\\FASE3\\Final Project\\LiveCharity\\LiveCharity-BE\\helpers\\jwt.js","statementMap":{"0":{"start":{"line":1,"column":12},"end":{"line":1,"column":35}},"1":{"start":{"line":3,"column":23},"end":{"line":3,"column":49}},"2":{"start":{"line":5,"column":18},"end":{"line":8,"column":1}},"3":{"start":{"line":6,"column":34},"end":{"line":6,"column":41}},"4":{"start":{"line":7,"column":2},"end":{"line":7,"column":59}},"5":{"start":{"line":10,"column":20},"end":{"line":12,"column":1}},"6":{"start":{"line":11,"column":2},"end":{"line":11,"column":43}},"7":{"start":{"line":14,"column":0},"end":{"line":17,"column":2}}},"fnMap":{"0":{"name":"(anonymous_0)","decl":{"start":{"line":5,"column":18},"end":{"line":5,"column":19}},"loc":{"start":{"line":5,"column":31},"end":{"line":8,"column":1}},"line":5},"1":{"name":"(anonymous_1)","decl":{"start":{"line":10,"column":20},"end":{"line":10,"column":21}},"loc":{"start":{"line":10,"column":31},"end":{"line":12,"column":1}},"line":10}},"branchMap":{},"s":{"0":4,"1":4,"2":4,"3":3,"4":3,"5":4,"6":16,"7":4},"f":{"0":3,"1":16},"b":{},"_coverageSchema":"1a1c01bbd47fc00a2c39e90264f33305004495a9","hash":"38c1b7e43750a820a1241fada462396917ca5601"}
,"C:\\Users\\aldyr\\Documents\\01.Hacktiv8-FSJS0\\FASE3\\Final Project\\LiveCharity\\LiveCharity-BE\\middlewares\\authentication.js": {"path":"C:\\Users\\aldyr\\Documents\\01.Hacktiv8-FSJS0\\FASE3\\Final Project\\LiveCharity\\LiveCharity-BE\\middlewares\\authentication.js","statementMap":{"0":{"start":{"line":1,"column":24},"end":{"line":1,"column":49}},"1":{"start":{"line":2,"column":17},"end":{"line":2,"column":37}},"2":{"start":{"line":4,"column":23},"end":{"line":21,"column":1}},"3":{"start":{"line":5,"column":2},"end":{"line":20,"column":3}},"4":{"start":{"line":6,"column":20},"end":{"line":6,"column":57}},"5":{"start":{"line":8,"column":17},"end":{"line":8,"column":48}},"6":{"start":{"line":9,"column":4},"end":{"line":9,"column":63}},"7":{"start":{"line":9,"column":15},"end":{"line":9,"column":63}},"8":{"start":{"line":11,"column":4},"end":{"line":15,"column":6}},"9":{"start":{"line":17,"column":4},"end":{"line":17,"column":11}},"10":{"start":{"line":19,"column":4},"end":{"line":19,"column":14}},"11":{"start":{"line":23,"column":0},"end":{"line":23,"column":32}}},"fnMap":{"0":{"name":"(anonymous_0)","decl":{"start":{"line":4,"column":23},"end":{"line":4,"column":24}},"loc":{"start":{"line":4,"column":49},"end":{"line":21,"column":1}},"line":4}},"branchMap":{"0":{"loc":{"start":{"line":9,"column":4},"end":{"line":9,"column":63}},"type":"if","locations":[{"start":{"line":9,"column":4},"end":{"line":9,"column":63}},{"start":{},"end":{}}],"line":9}},"s":{"0":4,"1":4,"2":4,"3":16,"4":16,"5":3,"6":0,"7":0,"8":0,"9":0,"10":16,"11":4},"f":{"0":16},"b":{"0":[0,0]},"_coverageSchema":"1a1c01bbd47fc00a2c39e90264f33305004495a9","hash":"c8f23de923fcdff6223688161f15522c46e631af"}
,"C:\\Users\\aldyr\\Documents\\01.Hacktiv8-FSJS0\\FASE3\\Final Project\\LiveCharity\\LiveCharity-BE\\middlewares\\errorHandler.js": {"path":"C:\\Users\\aldyr\\Documents\\01.Hacktiv8-FSJS0\\FASE3\\Final Project\\LiveCharity\\LiveCharity-BE\\middlewares\\errorHandler.js","statementMap":{"0":{"start":{"line":1,"column":21},"end":{"line":17,"column":1}},"1":{"start":{"line":4,"column":19},"end":{"line":4,"column":36}},"2":{"start":{"line":6,"column":21},"end":{"line":6,"column":57}},"3":{"start":{"line":8,"column":2},"end":{"line":14,"column":3}},"4":{"start":{"line":9,"column":4},"end":{"line":9,"column":21}},"5":{"start":{"line":10,"column":4},"end":{"line":10,"column":41}},"6":{"start":{"line":11,"column":9},"end":{"line":14,"column":3}},"7":{"start":{"line":12,"column":4},"end":{"line":13,"column":37}},"8":{"start":{"line":16,"column":2},"end":{"line":16,"column":57}},"9":{"start":{"line":19,"column":0},"end":{"line":19,"column":30}}},"fnMap":{"0":{"name":"(anonymous_0)","decl":{"start":{"line":1,"column":21},"end":{"line":1,"column":22}},"loc":{"start":{"line":1,"column":46},"end":{"line":17,"column":1}},"line":1}},"branchMap":{"0":{"loc":{"start":{"line":4,"column":19},"end":{"line":4,"column":36}},"type":"binary-expr","locations":[{"start":{"line":4,"column":19},"end":{"line":4,"column":29}},{"start":{"line":4,"column":33},"end":{"line":4,"column":36}}],"line":4},"1":{"loc":{"start":{"line":6,"column":21},"end":{"line":6,"column":57}},"type":"binary-expr","locations":[{"start":{"line":6,"column":21},"end":{"line":6,"column":30}},{"start":{"line":6,"column":34},"end":{"line":6,"column":57}}],"line":6},"2":{"loc":{"start":{"line":8,"column":2},"end":{"line":14,"column":3}},"type":"if","locations":[{"start":{"line":8,"column":2},"end":{"line":14,"column":3}},{"start":{"line":11,"column":9},"end":{"line":14,"column":3}}],"line":8},"3":{"loc":{"start":{"line":8,"column":6},"end":{"line":8,"column":94}},"type":"binary-expr","locations":[{"start":{"line":8,"column":6},"end":{"line":8,"column":51}},{"start":{"line":8,"column":55},"end":{"line":8,"column":94}}],"line":8},"4":{"loc":{"start":{"line":11,"column":9},"end":{"line":14,"column":3}},"type":"if","locations":[{"start":{"line":11,"column":9},"end":{"line":14,"column":3}},{"start":{},"end":{}}],"line":11}},"s":{"0":4,"1":29,"2":29,"3":29,"4":3,"5":3,"6":26,"7":13,"8":29,"9":4},"f":{"0":29},"b":{"0":[29,27],"1":[29,27],"2":[3,26],"3":[29,29],"4":[13,13]},"_coverageSchema":"1a1c01bbd47fc00a2c39e90264f33305004495a9","hash":"c46faf9d212f74a3604a5b5b4656be14f7bdaeca"}
,"C:\\Users\\aldyr\\Documents\\01.Hacktiv8-FSJS0\\FASE3\\Final Project\\LiveCharity\\LiveCharity-BE\\models\\category.js": {"path":"C:\\Users\\aldyr\\Documents\\01.Hacktiv8-FSJS0\\FASE3\\Final Project\\LiveCharity\\LiveCharity-BE\\models\\category.js","statementMap":{"0":{"start":{"line":2,"column":18},"end":{"line":2,"column":38}},"1":{"start":{"line":3,"column":0},"end":{"line":19,"column":2}},"2":{"start":{"line":6,"column":6},"end":{"line":6,"column":42}},"3":{"start":{"line":9,"column":2},"end":{"line":17,"column":4}},"4":{"start":{"line":18,"column":2},"end":{"line":18,"column":18}}},"fnMap":{"0":{"name":"(anonymous_0)","decl":{"start":{"line":3,"column":17},"end":{"line":3,"column":18}},"loc":{"start":{"line":3,"column":43},"end":{"line":19,"column":1}},"line":3},"1":{"name":"(anonymous_1)","decl":{"start":{"line":5,"column":4},"end":{"line":5,"column":5}},"loc":{"start":{"line":5,"column":29},"end":{"line":7,"column":5}},"line":5}},"branchMap":{},"s":{"0":4,"1":4,"2":4,"3":4,"4":4},"f":{"0":4,"1":4},"b":{},"_coverageSchema":"1a1c01bbd47fc00a2c39e90264f33305004495a9","hash":"0655c79d9a87d925ea36f7c4b985e5a7cd12e9f2"}
,"C:\\Users\\aldyr\\Documents\\01.Hacktiv8-FSJS0\\FASE3\\Final Project\\LiveCharity\\LiveCharity-BE\\models\\donation.js": {"path":"C:\\Users\\aldyr\\Documents\\01.Hacktiv8-FSJS0\\FASE3\\Final Project\\LiveCharity\\LiveCharity-BE\\models\\donation.js","statementMap":{"0":{"start":{"line":4,"column":4},"end":{"line":4,"column":24}},"1":{"start":{"line":5,"column":0},"end":{"line":74,"column":2}},"2":{"start":{"line":8,"column":6},"end":{"line":8,"column":38}},"3":{"start":{"line":9,"column":6},"end":{"line":9,"column":44}},"4":{"start":{"line":12,"column":2},"end":{"line":72,"column":5}},"5":{"start":{"line":73,"column":2},"end":{"line":73,"column":18}}},"fnMap":{"0":{"name":"(anonymous_0)","decl":{"start":{"line":5,"column":17},"end":{"line":5,"column":18}},"loc":{"start":{"line":5,"column":43},"end":{"line":74,"column":1}},"line":5},"1":{"name":"(anonymous_1)","decl":{"start":{"line":7,"column":4},"end":{"line":7,"column":5}},"loc":{"start":{"line":7,"column":29},"end":{"line":10,"column":5}},"line":7}},"branchMap":{},"s":{"0":4,"1":4,"2":4,"3":4,"4":4,"5":4},"f":{"0":4,"1":4},"b":{},"_coverageSchema":"1a1c01bbd47fc00a2c39e90264f33305004495a9","hash":"34597096b2f59a8b6d24f35cf9ebf3eaa6a9022a"}
,"C:\\Users\\aldyr\\Documents\\01.Hacktiv8-FSJS0\\FASE3\\Final Project\\LiveCharity\\LiveCharity-BE\\models\\index.js": {"path":"C:\\Users\\aldyr\\Documents\\01.Hacktiv8-FSJS0\\FASE3\\Final Project\\LiveCharity\\LiveCharity-BE\\models\\index.js","statementMap":{"0":{"start":{"line":3,"column":11},"end":{"line":3,"column":24}},"1":{"start":{"line":4,"column":13},"end":{"line":4,"column":28}},"2":{"start":{"line":5,"column":18},"end":{"line":5,"column":38}},"3":{"start":{"line":6,"column":16},"end":{"line":6,"column":34}},"4":{"start":{"line":7,"column":17},"end":{"line":7,"column":42}},"5":{"start":{"line":8,"column":12},"end":{"line":8,"column":49}},"6":{"start":{"line":9,"column":15},"end":{"line":9,"column":65}},"7":{"start":{"line":10,"column":11},"end":{"line":10,"column":13}},"8":{"start":{"line":13,"column":0},"end":{"line":17,"column":1}},"9":{"start":{"line":14,"column":2},"end":{"line":14,"column":74}},"10":{"start":{"line":16,"column":2},"end":{"line":16,"column":87}},"11":{"start":{"line":19,"column":0},"end":{"line":32,"column":5}},"12":{"start":{"line":22,"column":4},"end":{"line":27,"column":6}},"13":{"start":{"line":30,"column":18},"end":{"line":30,"column":85}},"14":{"start":{"line":31,"column":4},"end":{"line":31,"column":27}},"15":{"start":{"line":34,"column":0},"end":{"line":38,"column":3}},"16":{"start":{"line":35,"column":2},"end":{"line":37,"column":3}},"17":{"start":{"line":36,"column":4},"end":{"line":36,"column":32}},"18":{"start":{"line":40,"column":0},"end":{"line":40,"column":25}},"19":{"start":{"line":41,"column":0},"end":{"line":41,"column":25}},"20":{"start":{"line":43,"column":0},"end":{"line":43,"column":20}}},"fnMap":{"0":{"name":"(anonymous_0)","decl":{"start":{"line":21,"column":10},"end":{"line":21,"column":11}},"loc":{"start":{"line":21,"column":18},"end":{"line":28,"column":3}},"line":21},"1":{"name":"(anonymous_1)","decl":{"start":{"line":29,"column":11},"end":{"line":29,"column":12}},"loc":{"start":{"line":29,"column":19},"end":{"line":32,"column":3}},"line":29},"2":{"name":"(anonymous_2)","decl":{"start":{"line":34,"column":24},"end":{"line":34,"column":25}},"loc":{"start":{"line":34,"column":37},"end":{"line":38,"column":1}},"line":34}},"branchMap":{"0":{"loc":{"start":{"line":8,"column":12},"end":{"line":8,"column":49}},"type":"binary-expr","locations":[{"start":{"line":8,"column":12},"end":{"line":8,"column":32}},{"start":{"line":8,"column":36},"end":{"line":8,"column":49}}],"line":8},"1":{"loc":{"start":{"line":13,"column":0},"end":{"line":17,"column":1}},"type":"if","locations":[{"start":{"line":13,"column":0},"end":{"line":17,"column":1}},{"start":{"line":15,"column":7},"end":{"line":17,"column":1}}],"line":13},"2":{"loc":{"start":{"line":23,"column":6},"end":{"line":26,"column":37}},"type":"binary-expr","locations":[{"start":{"line":23,"column":6},"end":{"line":23,"column":29}},{"start":{"line":24,"column":6},"end":{"line":24,"column":23}},{"start":{"line":25,"column":6},"end":{"line":25,"column":30}},{"start":{"line":26,"column":6},"end":{"line":26,"column":37}}],"line":23},"3":{"loc":{"start":{"line":35,"column":2},"end":{"line":37,"column":3}},"type":"if","locations":[{"start":{"line":35,"column":2},"end":{"line":37,"column":3}},{"start":{},"end":{}}],"line":35}},"s":{"0":4,"1":4,"2":4,"3":4,"4":4,"5":4,"6":4,"7":4,"8":4,"9":0,"10":4,"11":4,"12":32,"13":24,"14":24,"15":4,"16":24,"17":24,"18":4,"19":4,"20":4},"f":{"0":32,"1":24,"2":24},"b":{"0":[4,0],"1":[0,4],"2":[32,32,28,24],"3":[24,0]},"_coverageSchema":"1a1c01bbd47fc00a2c39e90264f33305004495a9","hash":"4b1ee6e4b280c93eaabc862548a50ef06457678b"}
,"C:\\Users\\aldyr\\Documents\\01.Hacktiv8-FSJS0\\FASE3\\Final Project\\LiveCharity\\LiveCharity-BE\\models\\livestream.js": {"path":"C:\\Users\\aldyr\\Documents\\01.Hacktiv8-FSJS0\\FASE3\\Final Project\\LiveCharity\\LiveCharity-BE\\models\\livestream.js","statementMap":{"0":{"start":{"line":2,"column":18},"end":{"line":2,"column":38}},"1":{"start":{"line":3,"column":0},"end":{"line":143,"column":2}},"2":{"start":{"line":6,"column":6},"end":{"line":6,"column":40}},"3":{"start":{"line":7,"column":6},"end":{"line":7,"column":42}},"4":{"start":{"line":8,"column":6},"end":{"line":8,"column":44}},"5":{"start":{"line":11,"column":2},"end":{"line":141,"column":4}},"6":{"start":{"line":72,"column":12},"end":{"line":74,"column":13}},"7":{"start":{"line":73,"column":14},"end":{"line":73,"column":73}},"8":{"start":{"line":142,"column":2},"end":{"line":142,"column":20}}},"fnMap":{"0":{"name":"(anonymous_0)","decl":{"start":{"line":3,"column":17},"end":{"line":3,"column":18}},"loc":{"start":{"line":3,"column":43},"end":{"line":143,"column":1}},"line":3},"1":{"name":"(anonymous_1)","decl":{"start":{"line":5,"column":4},"end":{"line":5,"column":5}},"loc":{"start":{"line":5,"column":29},"end":{"line":9,"column":5}},"line":5},"2":{"name":"(anonymous_2)","decl":{"start":{"line":71,"column":10},"end":{"line":71,"column":11}},"loc":{"start":{"line":71,"column":35},"end":{"line":75,"column":11}},"line":71}},"branchMap":{"0":{"loc":{"start":{"line":72,"column":12},"end":{"line":74,"column":13}},"type":"if","locations":[{"start":{"line":72,"column":12},"end":{"line":74,"column":13}},{"start":{},"end":{}}],"line":72}},"s":{"0":4,"1":4,"2":4,"3":4,"4":4,"5":4,"6":0,"7":0,"8":4},"f":{"0":4,"1":4,"2":0},"b":{"0":[0,0]},"_coverageSchema":"1a1c01bbd47fc00a2c39e90264f33305004495a9","hash":"21927538f325236f9fa59eb2026ce2525ab908b6"}
,"C:\\Users\\aldyr\\Documents\\01.Hacktiv8-FSJS0\\FASE3\\Final Project\\LiveCharity\\LiveCharity-BE\\models\\paymenthistory.js": {"path":"C:\\Users\\aldyr\\Documents\\01.Hacktiv8-FSJS0\\FASE3\\Final Project\\LiveCharity\\LiveCharity-BE\\models\\paymenthistory.js","statementMap":{"0":{"start":{"line":4,"column":4},"end":{"line":4,"column":24}},"1":{"start":{"line":5,"column":0},"end":{"line":25,"column":2}},"2":{"start":{"line":16,"column":2},"end":{"line":23,"column":5}},"3":{"start":{"line":24,"column":2},"end":{"line":24,"column":24}}},"fnMap":{"0":{"name":"(anonymous_0)","decl":{"start":{"line":5,"column":17},"end":{"line":5,"column":18}},"loc":{"start":{"line":5,"column":43},"end":{"line":25,"column":1}},"line":5},"1":{"name":"(anonymous_1)","decl":{"start":{"line":12,"column":4},"end":{"line":12,"column":5}},"loc":{"start":{"line":12,"column":29},"end":{"line":14,"column":5}},"line":12}},"branchMap":{},"s":{"0":4,"1":4,"2":4,"3":4},"f":{"0":4,"1":4},"b":{},"_coverageSchema":"1a1c01bbd47fc00a2c39e90264f33305004495a9","hash":"71b89888e300a330f8effe5548f67e5fbdd4be43"}
,"C:\\Users\\aldyr\\Documents\\01.Hacktiv8-FSJS0\\FASE3\\Final Project\\LiveCharity\\LiveCharity-BE\\models\\user.js": {"path":"C:\\Users\\aldyr\\Documents\\01.Hacktiv8-FSJS0\\FASE3\\Final Project\\LiveCharity\\LiveCharity-BE\\models\\user.js","statementMap":{"0":{"start":{"line":2,"column":18},"end":{"line":2,"column":38}},"1":{"start":{"line":3,"column":25},"end":{"line":3,"column":55}},"2":{"start":{"line":5,"column":0},"end":{"line":81,"column":2}},"3":{"start":{"line":8,"column":6},"end":{"line":8,"column":33}},"4":{"start":{"line":9,"column":6},"end":{"line":9,"column":38}},"5":{"start":{"line":10,"column":6},"end":{"line":10,"column":36}},"6":{"start":{"line":13,"column":2},"end":{"line":79,"column":4}},"7":{"start":{"line":73,"column":10},"end":{"line":73,"column":62}},"8":{"start":{"line":80,"column":2},"end":{"line":80,"column":14}}},"fnMap":{"0":{"name":"(anonymous_0)","decl":{"start":{"line":5,"column":17},"end":{"line":5,"column":18}},"loc":{"start":{"line":5,"column":43},"end":{"line":81,"column":1}},"line":5},"1":{"name":"(anonymous_1)","decl":{"start":{"line":7,"column":4},"end":{"line":7,"column":5}},"loc":{"start":{"line":7,"column":29},"end":{"line":11,"column":5}},"line":7},"2":{"name":"(anonymous_2)","decl":{"start":{"line":72,"column":22},"end":{"line":72,"column":23}},"loc":{"start":{"line":72,"column":36},"end":{"line":74,"column":9}},"line":72}},"branchMap":{},"s":{"0":4,"1":4,"2":4,"3":4,"4":4,"5":4,"6":4,"7":4,"8":4},"f":{"0":4,"1":4,"2":4},"b":{},"_coverageSchema":"1a1c01bbd47fc00a2c39e90264f33305004495a9","hash":"6febeaa9f9242fac1e8d829ce6b777440d227991"}
,"C:\\Users\\aldyr\\Documents\\01.Hacktiv8-FSJS0\\FASE3\\Final Project\\LiveCharity\\LiveCharity-BE\\models\\wallet.js": {"path":"C:\\Users\\aldyr\\Documents\\01.Hacktiv8-FSJS0\\FASE3\\Final Project\\LiveCharity\\LiveCharity-BE\\models\\wallet.js","statementMap":{"0":{"start":{"line":2,"column":18},"end":{"line":2,"column":38}},"1":{"start":{"line":3,"column":0},"end":{"line":36,"column":2}},"2":{"start":{"line":6,"column":6},"end":{"line":6,"column":36}},"3":{"start":{"line":9,"column":2},"end":{"line":34,"column":4}},"4":{"start":{"line":35,"column":2},"end":{"line":35,"column":16}}},"fnMap":{"0":{"name":"(anonymous_0)","decl":{"start":{"line":3,"column":17},"end":{"line":3,"column":18}},"loc":{"start":{"line":3,"column":43},"end":{"line":36,"column":1}},"line":3},"1":{"name":"(anonymous_1)","decl":{"start":{"line":5,"column":4},"end":{"line":5,"column":5}},"loc":{"start":{"line":5,"column":29},"end":{"line":7,"column":5}},"line":5}},"branchMap":{},"s":{"0":4,"1":4,"2":4,"3":4,"4":4},"f":{"0":4,"1":4},"b":{},"_coverageSchema":"1a1c01bbd47fc00a2c39e90264f33305004495a9","hash":"52c184857abdd2483c2331552e504bd07071e5dc"}
,"C:\\Users\\aldyr\\Documents\\01.Hacktiv8-FSJS0\\FASE3\\Final Project\\LiveCharity\\LiveCharity-BE\\models\\paymentModel\\paymentModel.js": {"path":"C:\\Users\\aldyr\\Documents\\01.Hacktiv8-FSJS0\\FASE3\\Final Project\\LiveCharity\\LiveCharity-BE\\models\\paymentModel\\paymentModel.js","statementMap":{"0":{"start":{"line":1,"column":23},"end":{"line":1,"column":49}},"1":{"start":{"line":2,"column":27},"end":{"line":2,"column":50}},"2":{"start":{"line":4,"column":0},"end":{"line":40,"column":2}},"3":{"start":{"line":6,"column":4},"end":{"line":38,"column":5}},"4":{"start":{"line":7,"column":46},"end":{"line":7,"column":50}},"5":{"start":{"line":8,"column":17},"end":{"line":11,"column":8}},"6":{"start":{"line":12,"column":22},"end":{"line":12,"column":55}},"7":{"start":{"line":13,"column":6},"end":{"line":13,"column":55}},"8":{"start":{"line":15,"column":22},"end":{"line":27,"column":7}},"9":{"start":{"line":29,"column":20},"end":{"line":32,"column":8}},"10":{"start":{"line":30,"column":31},"end":{"line":30,"column":48}},"11":{"start":{"line":31,"column":8},"end":{"line":31,"column":32}},"12":{"start":{"line":33,"column":6},"end":{"line":33,"column":60}},"13":{"start":{"line":34,"column":6},"end":{"line":34,"column":19}},"14":{"start":{"line":36,"column":6},"end":{"line":36,"column":23}},"15":{"start":{"line":37,"column":6},"end":{"line":37,"column":16}}},"fnMap":{"0":{"name":"(anonymous_0)","decl":{"start":{"line":5,"column":2},"end":{"line":5,"column":3}},"loc":{"start":{"line":5,"column":36},"end":{"line":39,"column":3}},"line":5},"1":{"name":"(anonymous_1)","decl":{"start":{"line":29,"column":59},"end":{"line":29,"column":60}},"loc":{"start":{"line":29,"column":76},"end":{"line":32,"column":7}},"line":29}},"branchMap":{},"s":{"0":4,"1":4,"2":4,"3":0,"4":0,"5":0,"6":0,"7":0,"8":0,"9":0,"10":0,"11":0,"12":0,"13":0,"14":0,"15":0},"f":{"0":0,"1":0},"b":{},"_coverageSchema":"1a1c01bbd47fc00a2c39e90264f33305004495a9","hash":"7f8a9a7e7c4aef1053c782de42abd6200a5b6bf4"}
,"C:\\Users\\aldyr\\Documents\\01.Hacktiv8-FSJS0\\FASE3\\Final Project\\LiveCharity\\LiveCharity-BE\\routes\\index.js": {"path":"C:\\Users\\aldyr\\Documents\\01.Hacktiv8-FSJS0\\FASE3\\Final Project\\LiveCharity\\LiveCharity-BE\\routes\\index.js","statementMap":{"0":{"start":{"line":1,"column":15},"end":{"line":1,"column":42}},"1":{"start":{"line":2,"column":21},"end":{"line":2,"column":59}},"2":{"start":{"line":4,"column":0},"end":{"line":4,"column":58}},"3":{"start":{"line":5,"column":0},"end":{"line":5,"column":65}},"4":{"start":{"line":6,"column":0},"end":{"line":6,"column":73}},"5":{"start":{"line":7,"column":0},"end":{"line":7,"column":68}},"6":{"start":{"line":9,"column":0},"end":{"line":9,"column":25}},"7":{"start":{"line":11,"column":0},"end":{"line":11,"column":24}}},"fnMap":{},"branchMap":{},"s":{"0":4,"1":4,"2":4,"3":4,"4":4,"5":4,"6":4,"7":4},"f":{},"b":{},"_coverageSchema":"1a1c01bbd47fc00a2c39e90264f33305004495a9","hash":"7e879bc553ce9246dbe0efeb439a10975b1cb457"}
,"C:\\Users\\aldyr\\Documents\\01.Hacktiv8-FSJS0\\FASE3\\Final Project\\LiveCharity\\LiveCharity-BE\\routes\\campaignRouter\\campaignRouter.js": {"path":"C:\\Users\\aldyr\\Documents\\01.Hacktiv8-FSJS0\\FASE3\\Final Project\\LiveCharity\\LiveCharity-BE\\routes\\campaignRouter\\campaignRouter.js","statementMap":{"0":{"start":{"line":1,"column":15},"end":{"line":1,"column":42}},"1":{"start":{"line":2,"column":27},"end":{"line":2,"column":94}},"2":{"start":{"line":3,"column":23},"end":{"line":3,"column":66}},"3":{"start":{"line":5,"column":0},"end":{"line":5,"column":51}},"4":{"start":{"line":6,"column":0},"end":{"line":6,"column":71}},"5":{"start":{"line":7,"column":0},"end":{"line":7,"column":70}},"6":{"start":{"line":8,"column":0},"end":{"line":8,"column":71}},"7":{"start":{"line":9,"column":0},"end":{"line":9,"column":24}}},"fnMap":{},"branchMap":{},"s":{"0":4,"1":4,"2":4,"3":4,"4":4,"5":4,"6":4,"7":4},"f":{},"b":{},"_coverageSchema":"1a1c01bbd47fc00a2c39e90264f33305004495a9","hash":"76cd58eeb99b575b90a8ce5555ed9e31d0c90f3d"}
,"C:\\Users\\aldyr\\Documents\\01.Hacktiv8-FSJS0\\FASE3\\Final Project\\LiveCharity\\LiveCharity-BE\\routes\\livestreamRoutes\\livestreamRoute.js": {"path":"C:\\Users\\aldyr\\Documents\\01.Hacktiv8-FSJS0\\FASE3\\Final Project\\LiveCharity\\LiveCharity-BE\\routes\\livestreamRoutes\\livestreamRoute.js","statementMap":{"0":{"start":{"line":1,"column":15},"end":{"line":1,"column":42}},"1":{"start":{"line":2,"column":29},"end":{"line":2,"column":100}},"2":{"start":{"line":3,"column":23},"end":{"line":3,"column":66}},"3":{"start":{"line":5,"column":0},"end":{"line":5,"column":89}},"4":{"start":{"line":6,"column":0},"end":{"line":6,"column":84}},"5":{"start":{"line":7,"column":0},"end":{"line":7,"column":24}}},"fnMap":{},"branchMap":{},"s":{"0":4,"1":4,"2":4,"3":4,"4":4,"5":4},"f":{},"b":{},"_coverageSchema":"1a1c01bbd47fc00a2c39e90264f33305004495a9","hash":"4128ee3154893e0ae3a9c50677a478523e215e96"}
,"C:\\Users\\aldyr\\Documents\\01.Hacktiv8-FSJS0\\FASE3\\Final Project\\LiveCharity\\LiveCharity-BE\\routes\\paymentRoutes\\paymentRouter.js": {"path":"C:\\Users\\aldyr\\Documents\\01.Hacktiv8-FSJS0\\FASE3\\Final Project\\LiveCharity\\LiveCharity-BE\\routes\\paymentRoutes\\paymentRouter.js","statementMap":{"0":{"start":{"line":1,"column":15},"end":{"line":1,"column":42}},"1":{"start":{"line":2,"column":26},"end":{"line":2,"column":91}},"2":{"start":{"line":3,"column":23},"end":{"line":3,"column":66}},"3":{"start":{"line":4,"column":0},"end":{"line":4,"column":90}},"4":{"start":{"line":5,"column":0},"end":{"line":5,"column":63}},"5":{"start":{"line":7,"column":0},"end":{"line":7,"column":24}}},"fnMap":{},"branchMap":{},"s":{"0":4,"1":4,"2":4,"3":4,"4":4,"5":4},"f":{},"b":{},"_coverageSchema":"1a1c01bbd47fc00a2c39e90264f33305004495a9","hash":"3f016e2e25b6658c771b3647335226ebcd5aed06"}
,"C:\\Users\\aldyr\\Documents\\01.Hacktiv8-FSJS0\\FASE3\\Final Project\\LiveCharity\\LiveCharity-BE\\routes\\usersRoutes\\userRouter.js": {"path":"C:\\Users\\aldyr\\Documents\\01.Hacktiv8-FSJS0\\FASE3\\Final Project\\LiveCharity\\LiveCharity-BE\\routes\\usersRoutes\\userRouter.js","statementMap":{"0":{"start":{"line":1,"column":15},"end":{"line":1,"column":42}},"1":{"start":{"line":2,"column":23},"end":{"line":2,"column":83}},"2":{"start":{"line":3,"column":23},"end":{"line":3,"column":66}},"3":{"start":{"line":6,"column":0},"end":{"line":6,"column":50}},"4":{"start":{"line":7,"column":0},"end":{"line":7,"column":56}},"5":{"start":{"line":8,"column":0},"end":{"line":8,"column":69}},"6":{"start":{"line":10,"column":0},"end":{"line":10,"column":24}}},"fnMap":{},"branchMap":{},"s":{"0":4,"1":4,"2":4,"3":4,"4":4,"5":4,"6":4},"f":{},"b":{},"_coverageSchema":"1a1c01bbd47fc00a2c39e90264f33305004495a9","hash":"09275385b429a13469ccc8cd953fa7f09b431414"}
,"C:\\Users\\aldyr\\Documents\\01.Hacktiv8-FSJS0\\FASE3\\Final Project\\LiveCharity\\LiveCharity-BE\\socket\\index.js": {"path":"C:\\Users\\aldyr\\Documents\\01.Hacktiv8-FSJS0\\FASE3\\Final Project\\LiveCharity\\LiveCharity-BE\\socket\\index.js","statementMap":{"0":{"start":{"line":1,"column":33},"end":{"line":1,"column":53}},"1":{"start":{"line":3,"column":22},"end":{"line":34,"column":1}},"2":{"start":{"line":4,"column":19},"end":{"line":8,"column":3}},"3":{"start":{"line":5,"column":4},"end":{"line":5,"column":38}},"4":{"start":{"line":6,"column":4},"end":{"line":6,"column":32}},"5":{"start":{"line":7,"column":4},"end":{"line":7,"column":45}},"6":{"start":{"line":10,"column":23},"end":{"line":26,"column":3}},"7":{"start":{"line":11,"column":4},"end":{"line":25,"column":5}},"8":{"start":{"line":12,"column":6},"end":{"line":12,"column":52}},"9":{"start":{"line":13,"column":6},"end":{"line":13,"column":141}},"10":{"start":{"line":14,"column":25},"end":{"line":14,"column":72}},"11":{"start":{"line":16,"column":6},"end":{"line":22,"column":9}},"12":{"start":{"line":24,"column":6},"end":{"line":24,"column":25}},"13":{"start":{"line":28,"column":2},"end":{"line":28,"column":35}},"14":{"start":{"line":29,"column":2},"end":{"line":29,"column":43}},"15":{"start":{"line":31,"column":2},"end":{"line":33,"column":4}},"16":{"start":{"line":32,"column":4},"end":{"line":32,"column":48}},"17":{"start":{"line":36,"column":0},"end":{"line":36,"column":31}}},"fnMap":{"0":{"name":"(anonymous_0)","decl":{"start":{"line":3,"column":22},"end":{"line":3,"column":23}},"loc":{"start":{"line":3,"column":38},"end":{"line":34,"column":1}},"line":3},"1":{"name":"(anonymous_1)","decl":{"start":{"line":4,"column":19},"end":{"line":4,"column":20}},"loc":{"start":{"line":4,"column":32},"end":{"line":8,"column":3}},"line":4},"2":{"name":"(anonymous_2)","decl":{"start":{"line":10,"column":23},"end":{"line":10,"column":24}},"loc":{"start":{"line":10,"column":42},"end":{"line":26,"column":3}},"line":10},"3":{"name":"(anonymous_3)","decl":{"start":{"line":31,"column":26},"end":{"line":31,"column":27}},"loc":{"start":{"line":31,"column":32},"end":{"line":33,"column":3}},"line":31}},"branchMap":{},"s":{"0":4,"1":4,"2":3,"3":1,"4":1,"5":1,"6":3,"7":0,"8":0,"9":0,"10":0,"11":0,"12":0,"13":3,"14":3,"15":3,"16":3,"17":4},"f":{"0":3,"1":1,"2":0,"3":3},"b":{},"_coverageSchema":"1a1c01bbd47fc00a2c39e90264f33305004495a9","hash":"1e6f8d5e74aaeae9a93a3f0c816773cac51bf5f6"}
}
