TN:
SF:app.js
FN:15,(anonymous_0)
FN:18,(anonymous_1)
FN:51,(anonymous_2)
FNF:3
FNH:1
FNDA:0,(anonymous_0)
FNDA:0,(anonymous_1)
FNDA:3,(anonymous_2)
DA:1,4
DA:2,4
DA:5,4
DA:6,4
DA:7,4
DA:8,4
DA:9,4
DA:10,4
DA:11,4
DA:12,4
DA:14,4
DA:16,0
DA:19,0
DA:35,4
DA:36,4
DA:37,4
DA:38,4
DA:39,4
DA:40,4
DA:41,4
DA:43,4
DA:44,4
DA:51,4
DA:52,3
DA:53,3
DA:56,4
LF:26
LH:24
BRDA:1,0,0,4
BRDA:1,0,1,0
BRF:2
BRH:1
end_of_record
TN:
SF:controllers\campaignControllers\campaignController.js
FN:5,(anonymous_0)
FN:16,(anonymous_1)
FN:33,(anonymous_2)
FN:60,(anonymous_3)
FNF:4
FNH:2
FNDA:1,(anonymous_0)
FNDA:0,(anonymous_1)
FNDA:2,(anonymous_2)
FNDA:0,(anonymous_3)
DA:1,4
DA:2,4
DA:6,1
DA:7,1
DA:10,0
DA:12,1
DA:17,0
DA:18,0
DA:19,0
DA:20,0
DA:22,0
DA:23,0
DA:26,0
DA:27,0
DA:29,0
DA:34,2
DA:35,2
DA:36,2
DA:52,0
DA:54,0
DA:56,2
DA:61,0
DA:62,0
DA:64,0
DA:69,0
DA:79,0
DA:82,0
DA:87,4
LF:28
LH:10
BRDA:19,0,0,0
BRDA:19,0,1,0
BRDA:22,1,0,0
BRDA:22,1,1,0
BRDA:52,2,0,0
BRDA:52,2,1,0
BRF:6
BRH:0
end_of_record
TN:
SF:controllers\livestreamControllers\livestreamController.js
FN:4,(anonymous_0)
FN:20,(anonymous_1)
FNF:2
FNH:1
FNDA:3,(anonymous_0)
FNDA:0,(anonymous_1)
DA:1,4
DA:5,3
DA:6,3
DA:8,3
DA:10,0
DA:12,0
DA:14,0
DA:16,3
DA:21,0
DA:22,0
DA:23,0
DA:24,0
DA:25,0
DA:26,0
DA:29,0
DA:31,0
DA:32,0
DA:34,0
DA:36,0
DA:40,0
DA:45,4
LF:21
LH:6
BRDA:10,0,0,0
BRDA:10,0,1,0
BRDA:25,1,0,0
BRDA:25,1,1,0
BRF:4
BRH:0
end_of_record
TN:
SF:controllers\paymentControllers\paymentController.js
FN:5,(anonymous_0)
FN:16,(anonymous_1)
FNF:2
FNH:1
FNDA:0,(anonymous_0)
FNDA:1,(anonymous_1)
DA:1,4
DA:2,4
DA:6,0
DA:7,0
DA:8,0
DA:10,0
DA:12,0
DA:17,1
DA:18,1
DA:19,1
DA:20,0
DA:22,0
DA:24,0
DA:26,0
DA:28,1
DA:30,0
DA:35,4
LF:17
LH:7
BRDA:19,0,0,0
BRDA:19,0,1,1
BRF:2
BRH:1
end_of_record
TN:
SF:controllers\usersControllers\userController.js
FN:6,(anonymous_0)
FN:26,(anonymous_1)
FN:36,(anonymous_2)
FNF:3
FNH:2
FNDA:3,(anonymous_0)
FNDA:4,(anonymous_1)
FNDA:0,(anonymous_2)
DA:1,4
DA:2,4
DA:3,4
DA:7,3
DA:8,3
DA:10,3
DA:12,2
DA:14,1
DA:15,0
DA:16,0
DA:19,0
DA:20,0
DA:22,3
DA:27,4
DA:28,4
DA:29,0
DA:30,0
DA:32,4
DA:37,0
DA:38,0
DA:39,0
DA:41,0
DA:46,4
LF:23
LH:13
BRDA:10,0,0,1
BRDA:10,0,1,2
BRDA:12,1,0,1
BRDA:12,1,1,1
BRDA:15,2,0,0
BRDA:15,2,1,0
BRDA:15,3,0,0
BRDA:15,3,1,0
BRF:8
BRH:4
end_of_record
TN:
SF:helpers\bcryptjs.js
FN:3,(anonymous_0)
FN:7,(anonymous_1)
FNF:2
FNH:1
FNDA:4,(anonymous_0)
FNDA:0,(anonymous_1)
DA:1,4
DA:3,4
DA:4,4
DA:7,4
DA:8,0
DA:11,4
LF:6
LH:5
BRF:0
BRH:0
end_of_record
TN:
SF:helpers\jwt.js
FN:5,(anonymous_0)
FN:10,(anonymous_1)
FNF:2
FNH:2
FNDA:3,(anonymous_0)
FNDA:16,(anonymous_1)
DA:1,4
DA:3,4
DA:5,4
DA:6,3
DA:7,3
DA:10,4
DA:11,16
DA:14,4
LF:8
LH:8
BRF:0
BRH:0
end_of_record
TN:
SF:middlewares\authentication.js
FN:4,(anonymous_0)
FNF:1
FNH:1
FNDA:16,(anonymous_0)
DA:1,4
DA:2,4
DA:4,4
DA:5,16
DA:6,16
DA:8,3
DA:9,0
DA:11,0
DA:17,0
DA:19,16
DA:23,4
LF:11
LH:8
BRDA:9,0,0,0
BRDA:9,0,1,0
BRF:2
BRH:0
end_of_record
TN:
SF:middlewares\errorHandler.js
FN:1,(anonymous_0)
FNF:1
FNH:1
FNDA:29,(anonymous_0)
DA:1,4
DA:4,29
DA:6,29
DA:8,29
DA:9,3
DA:10,3
DA:11,26
DA:12,13
DA:16,29
DA:19,4
LF:10
LH:10
BRDA:4,0,0,29
BRDA:4,0,1,27
BRDA:6,1,0,29
BRDA:6,1,1,27
BRDA:8,2,0,3
BRDA:8,2,1,26
BRDA:8,3,0,29
BRDA:8,3,1,29
BRDA:11,4,0,13
BRDA:11,4,1,13
BRF:10
BRH:10
end_of_record
TN:
SF:models\category.js
FN:3,(anonymous_0)
FN:5,(anonymous_1)
FNF:2
FNH:2
FNDA:4,(anonymous_0)
FNDA:4,(anonymous_1)
DA:2,4
DA:3,4
DA:6,4
DA:9,4
DA:18,4
LF:5
LH:5
BRF:0
BRH:0
end_of_record
TN:
SF:models\donation.js
FN:5,(anonymous_0)
FN:7,(anonymous_1)
FNF:2
FNH:2
FNDA:4,(anonymous_0)
FNDA:4,(anonymous_1)
DA:4,4
DA:5,4
DA:8,4
DA:9,4
DA:12,4
DA:73,4
LF:6
LH:6
BRF:0
BRH:0
end_of_record
TN:
SF:models\index.js
FN:21,(anonymous_0)
FN:29,(anonymous_1)
FN:34,(anonymous_2)
FNF:3
FNH:3
FNDA:32,(anonymous_0)
FNDA:24,(anonymous_1)
FNDA:24,(anonymous_2)
DA:3,4
DA:4,4
DA:5,4
DA:6,4
DA:7,4
DA:8,4
DA:9,4
DA:10,4
DA:13,4
DA:14,0
DA:16,4
DA:19,4
DA:22,32
DA:30,24
DA:31,24
DA:34,4
DA:35,24
DA:36,24
DA:40,4
DA:41,4
DA:43,4
LF:21
LH:20
BRDA:8,0,0,4
BRDA:8,0,1,0
BRDA:13,1,0,0
BRDA:13,1,1,4
BRDA:23,2,0,32
BRDA:23,2,1,32
BRDA:23,2,2,28
BRDA:23,2,3,24
BRDA:35,3,0,24
BRDA:35,3,1,0
BRF:10
BRH:7
end_of_record
TN:
SF:models\livestream.js
FN:3,(anonymous_0)
FN:5,(anonymous_1)
FN:71,(anonymous_2)
FNF:3
FNH:2
FNDA:4,(anonymous_0)
FNDA:4,(anonymous_1)
FNDA:0,(anonymous_2)
DA:2,4
DA:3,4
DA:6,4
DA:7,4
DA:8,4
DA:11,4
DA:72,0
DA:73,0
DA:142,4
LF:9
LH:7
BRDA:72,0,0,0
BRDA:72,0,1,0
BRF:2
BRH:0
end_of_record
TN:
SF:models\paymenthistory.js
FN:5,(anonymous_0)
FN:12,(anonymous_1)
FNF:2
FNH:2
FNDA:4,(anonymous_0)
FNDA:4,(anonymous_1)
DA:4,4
DA:5,4
DA:16,4
DA:24,4
LF:4
LH:4
BRF:0
BRH:0
end_of_record
TN:
SF:models\user.js
FN:5,(anonymous_0)
FN:7,(anonymous_1)
FN:72,(anonymous_2)
FNF:3
FNH:3
FNDA:4,(anonymous_0)
FNDA:4,(anonymous_1)
FNDA:4,(anonymous_2)
DA:2,4
DA:3,4
DA:5,4
DA:8,4
DA:9,4
DA:10,4
DA:13,4
DA:73,4
DA:80,4
LF:9
LH:9
BRF:0
BRH:0
end_of_record
TN:
SF:models\wallet.js
FN:3,(anonymous_0)
FN:5,(anonymous_1)
FNF:2
FNH:2
FNDA:4,(anonymous_0)
FNDA:4,(anonymous_1)
DA:2,4
DA:3,4
DA:6,4
DA:9,4
DA:35,4
LF:5
LH:5
BRF:0
BRH:0
end_of_record
TN:
SF:models\paymentModel\paymentModel.js
FN:5,(anonymous_0)
FN:29,(anonymous_1)
FNF:2
FNH:0
FNDA:0,(anonymous_0)
FNDA:0,(anonymous_1)
DA:1,4
DA:2,4
DA:4,4
DA:6,0
DA:7,0
DA:8,0
DA:12,0
DA:13,0
DA:15,0
DA:29,0
DA:30,0
DA:31,0
DA:33,0
DA:34,0
DA:36,0
DA:37,0
LF:16
LH:3
BRF:0
BRH:0
end_of_record
TN:
SF:routes\index.js
FNF:0
FNH:0
DA:1,4
DA:2,4
DA:4,4
DA:5,4
DA:6,4
DA:7,4
DA:9,4
DA:11,4
LF:8
LH:8
BRF:0
BRH:0
end_of_record
TN:
SF:routes\campaignRouter\campaignRouter.js
FNF:0
FNH:0
DA:1,4
DA:2,4
DA:3,4
DA:5,4
DA:6,4
DA:7,4
DA:8,4
DA:9,4
LF:8
LH:8
BRF:0
BRH:0
end_of_record
TN:
SF:routes\livestreamRoutes\livestreamRoute.js
FNF:0
FNH:0
DA:1,4
DA:2,4
DA:3,4
DA:5,4
DA:6,4
DA:7,4
LF:6
LH:6
BRF:0
BRH:0
end_of_record
TN:
SF:routes\paymentRoutes\paymentRouter.js
FNF:0
FNH:0
DA:1,4
DA:2,4
DA:3,4
DA:4,4
DA:5,4
DA:7,4
LF:6
LH:6
BRF:0
BRH:0
end_of_record
TN:
SF:routes\usersRoutes\userRouter.js
FNF:0
FNH:0
DA:1,4
DA:2,4
DA:3,4
DA:6,4
DA:7,4
DA:8,4
DA:10,4
LF:7
LH:7
BRF:0
BRH:0
end_of_record
TN:
SF:socket\index.js
FN:3,(anonymous_0)
FN:4,(anonymous_1)
FN:10,(anonymous_2)
FN:31,(anonymous_3)
FNF:4
FNH:3
FNDA:3,(anonymous_0)
FNDA:1,(anonymous_1)
FNDA:0,(anonymous_2)
FNDA:3,(anonymous_3)
DA:1,4
DA:3,4
DA:4,3
DA:5,1
DA:6,1
DA:7,1
DA:10,3
DA:11,0
DA:12,0
DA:13,0
DA:14,0
DA:16,0
DA:24,0
DA:28,3
DA:29,3
DA:31,3
DA:32,3
DA:36,4
LF:18
LH:12
BRF:0
BRH:0
end_of_record
